TN:
SF:app.js
FN:13,(anonymous_0)
FN:28,(anonymous_1)
FNF:2
FNH:1
FNDA:1,(anonymous_0)
FNDA:0,(anonymous_1)
DA:1,1
DA:2,1
DA:4,1
DA:6,1
DA:8,1
DA:9,1
DA:11,1
DA:13,1
DA:14,1
DA:28,1
DA:29,0
DA:32,1
LF:12
LH:11
BRF:0
BRH:0
end_of_record
TN:
SF:__tests__/integration/config.js
FN:10,(anonymous_0)
FNF:1
FNH:1
FNDA:10,(anonymous_0)
DA:1,1
DA:2,1
DA:3,1
DA:7,1
DA:10,1
DA:11,10
DA:13,10
DA:18,10
DA:21,10
DA:24,0
DA:25,0
DA:30,1
LF:12
LH:10
BRF:0
BRH:0
end_of_record
TN:
SF:controllers/goats.js
FN:3,(anonymous_0)
FN:12,(anonymous_1)
FN:22,(anonymous_2)
FN:32,(anonymous_3)
FN:44,(anonymous_4)
FNF:5
FNH:5
FNDA:3,(anonymous_0)
FNDA:4,(anonymous_1)
FNDA:4,(anonymous_2)
FNDA:5,(anonymous_3)
FNDA:5,(anonymous_4)
DA:1,2
DA:3,2
DA:4,3
DA:5,3
DA:6,2
DA:8,1
DA:12,2
DA:13,4
DA:14,4
DA:15,4
DA:16,2
DA:18,2
DA:22,2
DA:23,4
DA:24,4
DA:25,4
DA:26,2
DA:28,2
DA:32,2
DA:33,5
DA:34,5
DA:35,3
DA:36,3
DA:37,3
DA:38,2
DA:40,3
DA:44,2
DA:45,5
DA:46,5
DA:47,5
DA:48,3
DA:49,2
DA:51,3
DA:56,2
LF:34
LH:34
BRF:0
BRH:0
end_of_record
TN:
SF:database/connect.js
FNF:0
FNH:0
DA:1,3
DA:3,3
DA:5,3
DA:9,3
LF:4
LH:4
BRDA:6,0,0,3
BRDA:6,0,1,0
BRF:2
BRH:1
end_of_record
TN:
SF:models/Goat.js
FN:5,(anonymous_0)
FN:11,(anonymous_1)
FN:16,(anonymous_2)
FN:19,(anonymous_3)
FN:29,(anonymous_4)
FN:44,(anonymous_5)
FN:60,(anonymous_6)
FNF:7
FNH:7
FNDA:29,(anonymous_0)
FNDA:3,(anonymous_1)
FNDA:6,(anonymous_2)
FNDA:8,(anonymous_3)
FNDA:5,(anonymous_4)
FNDA:4,(anonymous_5)
FNDA:3,(anonymous_6)
DA:2,3
DA:6,29
DA:7,25
DA:8,25
DA:12,3
DA:13,3
DA:14,1
DA:16,6
DA:20,8
DA:21,8
DA:22,8
DA:23,4
DA:25,4
DA:30,5
DA:32,4
DA:33,2
DA:36,2
DA:37,0
DA:40,2
DA:41,2
DA:45,4
DA:46,2
DA:52,2
DA:53,2
DA:54,2
DA:56,0
DA:61,3
DA:62,3
DA:63,2
DA:65,1
DA:70,3
LF:31
LH:29
BRDA:13,0,0,1
BRDA:13,0,1,2
BRDA:30,1,0,1
BRDA:30,1,1,4
BRDA:32,2,0,2
BRDA:32,2,1,2
BRDA:36,3,0,0
BRDA:36,3,1,2
BRDA:36,4,0,2
BRDA:36,4,1,2
BRDA:45,5,0,2
BRDA:45,5,1,2
BRDA:45,6,0,4
BRDA:45,6,1,3
BRF:14
BRH:13
end_of_record
TN:
SF:routers/goats.js
FNF:0
FNH:0
DA:2,1
DA:3,1
DA:4,1
DA:6,1
DA:7,1
DA:8,1
DA:9,1
DA:10,1
DA:12,1
LF:9
LH:9
BRF:0
BRH:0
end_of_record
